-------------------------------------------------------------------------------
Test set: com.example.demo.ProjecApplicationTests
-------------------------------------------------------------------------------
Tests run: 1, Failures: 0, Errors: 1, Skipped: 0, Time elapsed: 0.334 s <<< FAILURE! - in com.example.demo.ProjecApplicationTests
com.example.demo.ProjecApplicationTests  Time elapsed: 0.331 s  <<< ERROR!
java.lang.IllegalStateException: Unable to find a @SpringBootConfiguration, you need to use @ContextConfiguration or @SpringBootTest(classes=...) with your test

