<?xml version="1.0" encoding="UTF-8"?>
<testsuite xmlns:xsi="http://www.w3.org/2001/XMLSchema-instance" xsi:noNamespaceSchemaLocation="https://maven.apache.org/surefire/maven-surefire-plugin/xsd/surefire-test-report.xsd" name="com.example.demo.ProjecApplicationTests" time="0.334" tests="1" errors="1" skipped="0" failures="0">
  <properties>
[...]
</properties>
  <testcase name="com.example.demo.ProjecApplicationTests" classname="com.example.demo.ProjecApplicationTests" time="0.331">
    <error message="Unable to find a @SpringBootConfiguration, you need to use @ContextConfiguration or @SpringBootTest(classes=...) with your test" type="java.lang.IllegalStateException">java.lang.IllegalStateException: Unable to find a @SpringBootConfiguration, you need to use @ContextConfiguration or @SpringBootTest(classes=...) with your test
</error>
    <system-out><![CDATA[11:25:59.133 [main] DEBUG org.springframework.boot.test.context.SpringBootTestContextBootstrapper - Neither @ContextConfiguration nor @ContextHierarchy found for test class [ProjecApplicationTests]: using SpringBootContextLoader
11:25:59.139 [main] DEBUG org.springframework.test.context.support.AbstractContextLoader - Could not detect default resource locations for test class [com.example.demo.ProjecApplicationTests]: no resource found for suffixes {-context.xml, Context.groovy}.
11:25:59.140 [main] INFO org.springframework.test.context.support.AnnotationConfigContextLoaderUtils - Could not detect default configuration classes for test class [com.example.demo.ProjecApplicationTests]: ProjecApplicationTests does not declare any static, non-private, non-final, nested classes annotated with @Configuration.
11:25:59.171 [main] DEBUG org.springframework.boot.test.context.SpringBootTestContextBootstrapper - Using ContextCustomizers for test class [ProjecApplicationTests]: [ExcludeFilterContextCustomizer, DuplicateJsonObjectContextCustomizer, MockitoContextCustomizer, TestRestTemplateContextCustomizer, WebTestClientContextCustomizer, DisableObservabilityContextCustomizer, PropertyMappingContextCustomizer, Customizer]
11:25:59.205 [main] DEBUG org.springframework.core.io.support.PathMatchingResourcePatternResolver - Failed to complete search in directory [C:\Users\Nithishkumar%20AR\Documents\workspace-spring-tool-suite-4-4.17.2.RELEASE\projec\target\test-classes\com\example\demo] for files matching pattern [*.class]: java.nio.file.NoSuchFileException: C:\Users\Nithishkumar%20AR\Documents\workspace-spring-tool-suite-4-4.17.2.RELEASE\projec\target\test-classes\com\example\demo
11:25:59.206 [main] DEBUG org.springframework.core.io.support.PathMatchingResourcePatternResolver - Failed to complete search in directory [C:\Users\Nithishkumar%20AR\Documents\workspace-spring-tool-suite-4-4.17.2.RELEASE\projec\target\classes\com\example\demo] for files matching pattern [*.class]: java.nio.file.NoSuchFileException: C:\Users\Nithishkumar%20AR\Documents\workspace-spring-tool-suite-4-4.17.2.RELEASE\projec\target\classes\com\example\demo
11:25:59.207 [main] DEBUG org.springframework.core.io.support.PathMatchingResourcePatternResolver - Failed to complete search in directory [C:\Users\Nithishkumar%20AR\Documents\workspace-spring-tool-suite-4-4.17.2.RELEASE\projec\target\test-classes\com\example] for files matching pattern [*.class]: java.nio.file.NoSuchFileException: C:\Users\Nithishkumar%20AR\Documents\workspace-spring-tool-suite-4-4.17.2.RELEASE\projec\target\test-classes\com\example
11:25:59.208 [main] DEBUG org.springframework.core.io.support.PathMatchingResourcePatternResolver - Failed to complete search in directory [C:\Users\Nithishkumar%20AR\Documents\workspace-spring-tool-suite-4-4.17.2.RELEASE\projec\target\classes\com\example] for files matching pattern [*.class]: java.nio.file.NoSuchFileException: C:\Users\Nithishkumar%20AR\Documents\workspace-spring-tool-suite-4-4.17.2.RELEASE\projec\target\classes\com\example
11:25:59.211 [main] DEBUG org.springframework.core.io.support.PathMatchingResourcePatternResolver - Failed to complete search in directory [C:\Users\Nithishkumar%20AR\Documents\workspace-spring-tool-suite-4-4.17.2.RELEASE\projec\target\test-classes\com] for files matching pattern [*.class]: java.nio.file.NoSuchFileException: C:\Users\Nithishkumar%20AR\Documents\workspace-spring-tool-suite-4-4.17.2.RELEASE\projec\target\test-classes\com
11:25:59.211 [main] DEBUG org.springframework.core.io.support.PathMatchingResourcePatternResolver - Failed to complete search in directory [C:\Users\Nithishkumar%20AR\Documents\workspace-spring-tool-suite-4-4.17.2.RELEASE\projec\target\classes\com] for files matching pattern [*.class]: java.nio.file.NoSuchFileException: C:\Users\Nithishkumar%20AR\Documents\workspace-spring-tool-suite-4-4.17.2.RELEASE\projec\target\classes\com
]]></system-out>
  </testcase>
</testsuite>